<?xml version="1.0" encoding="UTF-8"?>
<!-- Generated by org.testng.reporters.JUnitReportReporter -->
<testsuite hostname="DESKTOP-DIQ7BIL" failures="0" tests="2" name="Test01_get" time="3.102" errors="0" timestamp="2022-11-06T19:07:27 PKT" skipped="0">
  <testcase classname="Test01_get" name="test_01" time="3.065"/>
  <system-out/>
  <testcase classname="Test01_get" name="test_04" time="0.037"/>
  <system-out/>
</testsuite> <!-- Test01_get -->
